  Building Custom Rule C:/Users/calmgaming/Downloads/vst-sdk_3.7.1_build-50_2020-11-17/VST_SDK/VST3_SDK/vstgui4/vstgui/uidescription/CMakeLists.txt
  CMake does not need to re-run because D:/VST/VSTGUI.build/uidescription/CMakeFiles/generate.stamp is up-to-date.
  compresseduidescription.cpp
  cstream.cpp
  uiattributes.cpp
  uidescription.cpp
  uiviewcreator.cpp
  uiviewfactory.cpp
  uiviewswitchcontainer.cpp
  xmlparser.cpp
C:\Users\calmgaming\Downloads\vst-sdk_3.7.1_build-50_2020-11-17\VST_SDK\VST3_SDK\vstgui4\vstgui\uidescription\miniz\miniz.c(2378,139): warning C4334: '<<': 32 ビット シフトの結果が暗黙的に 64 ビットに変換されました (64 ビット シフトに意図的に変換しようとしましたか?) (ソース ファイルをコンパイルしています C:\Users\calmgaming\Downloads\vst-sdk_3.7.1_build-50_2020-11-17\VST_SDK\VST3_SDK\vstgui4\vstgui\uidescription\compresseduidescription.cpp)
  uiactions.cpp
  uiattributescontroller.cpp
  uibitmapscontroller.cpp
  uicolor.cpp
  uicolorchoosercontroller.cpp
  uicolorscontroller.cpp
  uicolorslider.cpp
  uicrosslines.cpp
  uidialogcontroller.cpp
  uieditcontroller.cpp
  uieditmenucontroller.cpp
  uieditview.cpp
  uifocussettingscontroller.cpp
  uifontscontroller.cpp
  uigradientscontroller.cpp
  uigridcontroller.cpp
  uioverlayview.cpp
  uiselection.cpp
  uitagscontroller.cpp
  uitemplatecontroller.cpp
  uitemplatesettingscontroller.cpp
  uiundomanager.cpp
  uiviewcreatecontroller.cpp
  animationsplashscreencreator.cpp
  animknobcreator.cpp
  checkboxcreator.cpp
  controlcreator.cpp
  gradientviewcreator.cpp
  kickbuttoncreator.cpp
  knobcreator.cpp
  layeredviewcontainercreator.cpp
  moviebitmapcreator.cpp
  moviebuttoncreator.cpp
  multibitmapcontrolcreator.cpp
  multilinetextlabelcreator.cpp
  onoffbuttoncreator.cpp
  optionmenucreator.cpp
  paramdisplaycreator.cpp
  rockerswitchcreator.cpp
  rowcolumnviewcreator.cpp
  scrollviewcreator.cpp
  searchtexteditcreator.cpp
  segmentbuttoncreator.cpp
  shadowviewcontainercreator.cpp
  sliderviewcreator.cpp
  splitviewcreator.cpp
  stringlistcontrolcreator.cpp
  switchcreators.cpp
  textbuttoncreator.cpp
  texteditcreator.cpp
  textlabelcreator.cpp
  uiviewswitchcontainercreator.cpp
  viewcontainercreator.cpp
  viewcreator.cpp
  vumetercreator.cpp
  xypadcreator.cpp
  vstgui_uidescription.vcxproj -> D:\VST\lib\Debug\vstgui_uidescription.lib
