  Building Custom Rule C:/Users/calmgaming/Downloads/vst-sdk_3.7.1_build-50_2020-11-17/VST_SDK/VST3_SDK/public.sdk/samples/vst/pitchnames/CMakeLists.txt
  CMake does not need to re-run because D:/VST/public.sdk/samples/vst/pitchnames/CMakeFiles/generate.stamp is up-to-date.
  factory.cpp
  pitchnames.cpp
  pitchnamesdatabrowsersource.cpp
  dllmain.cpp
     ライブラリ D:/VST/lib/Debug/pitchnames.lib とオブジェクト D:/VST/lib/Debug/pitchnames.exp を作成中
  pitchnames.vcxproj -> D:\VST\VST3\Debug\pitchnames.vst3\Contents\x86_64-win\pitchnames.vst3
  Copy PlugIn.ico and desktop.ini and change their attributes.			
  * Loading module...
  
  	D:/VST/VST3/Debug/pitchnames.vst3/Contents/x86_64-win/pitchnames.vst3
  
  * Scanning classes...
  
    Factory Info:
  	vendor = Steinberg Media Technologies
  	url = http://www.steinberg.net
  	email = mailto:info@steinberg.de
  
    Class Info 0:
  	name = PitchNames
  	category = Audio Module Class
  	subCategories = Instrument
  	version = 1.0.0.1
  	sdkVersion = VST 3.7.1
  	cid = 32ECDB17D0894B22AF9759F8F5D58DD4
  
    Class Info 1:
  	name = PitchNames
  	category = Component Controller Class
  	subCategories = 
  	version = 1.0.0.1
  	sdkVersion = VST 3.7.1
  	cid = B9123C350FFD404C826774E000819A0C
  
  * Checking snapshots...
  
EXEC : warning : No snapshots in Bundle.
  
  * Creating tests...
  
  * Running tests...
  
  -------------------------------------------------------------
  TestSuite : PitchNames
  -------------------------------------------------------------
  
  -------------------------------------------------------------
  TestSuite : General Tests
  -------------------------------------------------------------
  
  [Scan Editor Classes]
  Info:  ===Scan Editor Classes ====================================
  Info:  This component has an edit controller class
  Info:     Controller CID: {B9123C35-0FFD-404C-8267-74E000819A0C}
  [Succeeded]
  
  [Scan Buses]
  Info:  ===Scan Buses ====================================
  Info:  => Audio Buses: [0 In(s) => 1 Out(s)]
  Info:       Out[0]: "Audio Output" (Main-Default Active) 
  Info:  => Event Buses: [1 In(s) => 0 Out(s)]
  Info:       In [0]: "Event Input" (Main-Default Active) 
  [Succeeded]
  
  [Scan Parameters]
  Info:  ===Scan Parameters ====================================
  Info:  This component exports 2 parameter(s)
  Info:     Parameter 000 (id=0): [title="ProgramList 0"] [unit=""] [type = F, default = 0.000000, unit = 1667772464]
  Info:     Parameter 001 (id=1): [title="ProgramList 1"] [unit=""] [type = F, default = 0.000000, unit = 1667772465]
  Info:  No bypass parameter found. This is an instrument.
  [Succeeded]
  
  [MIDI Mapping]
  Info:  ===MIDI Mapping ====================================
  Info:  No MIDI Mapping interface supplied!
  [Succeeded]
  
  [MIDI Learn]
  Info:  ===MIDI Learn ====================================
  Info:  No MIDI Learn interface supplied!
  [Succeeded]
  
  [Scan Units]
  Info:  ===Scan Units ====================================
  Info:  This component has 3 unit(s).
  Info:     Unit000 (ID = 0): "Root" (parent ID = -1, programlist ID = -1)
  Info:     Unit001 (ID = 1667772464): "Channel 0" (parent ID = 0, programlist ID = 0)
  Info:     Unit002 (ID = 1667772465): "Channel 1" (parent ID = 0, programlist ID = 1)
  [Succeeded]
  
  [Scan Programs]
  Info:  ===Scan Programs ====================================
  Info:  Programlist 000 (id=0):  "ProgramList 0" (1 programs).
  Info:  Programlist 000->Program 000: "Init 1"
  Info:   => "Init 1": supports PitchNames
  Info:     => MIDI Pitch 0 => "Channel 0 First Item"
  Info:  Programlist 001 (id=1):  "ProgramList 1" (1 programs).
  Info:  Programlist 001->Program 000: "Init 1"
  Info:   => "Init 1": supports PitchNames
  Info:     => MIDI Pitch 0 => "Channel 1 First Item"
  [Succeeded]
  
  [Terminate/Initialize]
  Info:  ===Terminate/Initialize ====================================
  [Succeeded]
  
  [Check Unit Structure]
  Info:  ===Check Unit Structure ====================================
  Info:  All units have valid parent IDs.
  [Succeeded]
  
  [Valid State Transition 32bits]
  Info:  ===Valid State Transition 32bits ====================================
  [Succeeded]
  
  [Valid State Transition 64bits]
  Info:  ===Valid State Transition 64bits ====================================
  Info:  64bit Audio Processing not supported.
  [Succeeded]
  
  [Bus Consistency]
  Info:  ===Bus Consistency ====================================
  [Succeeded]
  
  [Bus Activation]
  Info:  ===Bus Activation ====================================
  Info:     Bus Activation: Output Audio Bus (0) (kMain)
  Info:     Bus Activation: Input Event Bus (0) (kMain)
  [Succeeded]
  
  [Check Audio Bus Arrangement]
  Info:  ===Check Audio Bus Arrangement ====================================
  Info:     Check Output Audio Bus Arrangement (0)
  [Succeeded]
  
  [SideChain Arrangement]
  Info:  ===SideChain Arrangement ====================================
  [Succeeded]
  
  [Suspend/Resume]
  Info:  ===Suspend/Resume ====================================
  [Succeeded]
  
  [Note Expression]
  Info:  ===Note Expression ====================================
  Info:  No Note Expression interface supplied!
  [Succeeded]
  
  [Keyswitch]
  Info:  ===Keyswitch ====================================
  Info:  No Keyswitch interface supplied!
  [Succeeded]
  
  [ProcessContext Requirements]
  Info:  ===ProcessContext Requirements ====================================
  Info:  ProcessContextRequirements:
  Info:   - None
  [Succeeded]
  
  -------------------------------------------------------------
  TestSuite : Single Precision (32 bit) Tests
  -------------------------------------------------------------
  
  [Process Test]
  [Succeeded]
  
  [Process function running in another thread]
  Info:  ===Process function running in another thread ====================================
  [Succeeded]
  
  [Silence Flags]
  Info:  ===Silence Flags ====================================
  [Succeeded]
  
  [Silence Processing]
  Info:  ===Silence Processing ====================================
  [Succeeded]
  
  [Parameters Flush (no Buffer)]
  Info:  ===Parameters Flush (no Buffer) ====================================
  [Succeeded]
  
  [Parameters Flush 2 (only numChannel==0)]
  Info:  ===Parameters Flush 2 (only numChannel==0) ====================================
  [Succeeded]
  
  [Parameters Flush 2 (no Buffer, no parameter change)]
  Info:  ===Parameters Flush 2 (no Buffer, no parameter change) ====================================
  [Succeeded]
  
  [Variable Block Size]
  Info:  ===Variable Block Size ====================================
  [Succeeded]
  
  [Process Format]
  Info:  ===Process Format ====================================
  Info:  ***Tested Sample Rates***
  Info:        22050 Hz - processed successfully!
  Info:        32000 Hz - processed successfully!
  Info:        44100 Hz - processed successfully!
  Info:        48000 Hz - processed successfully!
  Info:        88200 Hz - processed successfully!
  Info:        96000 Hz - processed successfully!
  Info:       192000 Hz - processed successfully!
  Info:       384000 Hz - processed successfully!
  Info:    1234.5678 Hz - processed successfully!
  Info:    12345.678 Hz - processed successfully!
  Info:    123456.78 Hz - processed successfully!
  Info:    1234567.8 Hz - processed successfully!
  [Succeeded]
  
  [Parameter Bypass persistence]
  Info:  ===Parameter Bypass persistence ====================================
  Info:  This plugin does not have a bypass parameter!!!
  [Succeeded]
  
  [In: Stereo: 2 Channels, Out: Stereo: 2 Channels]
  Info:  ===In: Stereo: 2 Channels, Out: Stereo: 2 Channels ====================================
  [Succeeded]
  
  [In: Mono: 1 Channels, Out: Mono: 1 Channels]
  Info:  ===In: Mono: 1 Channels, Out: Mono: 1 Channels ====================================
  [Succeeded]
  
  [Accuracy: Block, 1 Parameters, Change every100 Samples]
  Info:  ===Accuracy: Block, 1 Parameters, Change every100 Samples ====================================
  Info:     No point at all has been read via IParameterChanges
  Info:     No point at all has been read via IParameterChanges
  Info:     No point at all has been read via IParameterChanges
  [Succeeded]
  
  [Accuracy: Sample, 1 Parameters, Change every100 Samples]
  Info:  ===Accuracy: Sample, 1 Parameters, Change every100 Samples ====================================
  Info:     Not all points have been read via IParameterChanges
  Info:     Not all points have been read via IParameterChanges
  [Succeeded]
  
  -------------------------------------------------------------
  TestSuite : Double Precision (64 bit) Tests
  -------------------------------------------------------------
  
  [Process Test]
  Info:  64bit Audio Processing not supported.
  [Succeeded]
  
  [Process function running in another thread]
  Info:  64bit Audio Processing not supported.
  [Succeeded]
  
  [Silence Flags]
  Info:  64bit Audio Processing not supported.
  [Succeeded]
  
  [Silence Processing]
  Info:  64bit Audio Processing not supported.
  [Succeeded]
  
  [Parameters Flush (no Buffer)]
  Info:  64bit Audio Processing not supported.
  [Succeeded]
  
  [Parameters Flush 2 (only numChannel==0)]
  Info:  64bit Audio Processing not supported.
  [Succeeded]
  
  [Parameters Flush 2 (no Buffer, no parameter change)]
  Info:  64bit Audio Processing not supported.
  [Succeeded]
  
  [Variable Block Size]
  Info:  64bit Audio Processing not supported.
  [Succeeded]
  
  [Process Format]
  Info:  64bit Audio Processing not supported.
  [Succeeded]
  
  [Parameter Bypass persistence]
  Info:  64bit Audio Processing not supported.
  [Succeeded]
  
  [In: Stereo: 2 Channels, Out: Stereo: 2 Channels]
  Info:  ===In: Stereo: 2 Channels, Out: Stereo: 2 Channels ====================================
  Info:  64bit Audio Processing not supported.
  [Succeeded]
  
  [In: Mono: 1 Channels, Out: Mono: 1 Channels]
  Info:  ===In: Mono: 1 Channels, Out: Mono: 1 Channels ====================================
  Info:  64bit Audio Processing not supported.
  [Succeeded]
  
  [Accuracy: Block, 1 Parameters, Change every100 Samples]
  Info:  ===Accuracy: Block, 1 Parameters, Change every100 Samples ====================================
  Info:  64bit Audio Processing not supported.
  [Succeeded]
  
  [Accuracy: Sample, 1 Parameters, Change every100 Samples]
  Info:  ===Accuracy: Sample, 1 Parameters, Change every100 Samples ====================================
  Info:  64bit Audio Processing not supported.
  [Succeeded]
  
  -------------------------------------------------------------
  Result: 47 tests passed, 0 tests failed
  -------------------------------------------------------------
  C:\Program Files\Common Files\VST3\pitchnames.vst3 が見つかりませんでした。
  アクセスが拒否されました。
D:\Program Files (x86)\Microsoft Visual Studio\2019\Community\MSBuild\Microsoft\VC\v160\Microsoft.CppCommon.targets(149,5): error MSB3073: コマンド "setlocal
D:\Program Files (x86)\Microsoft Visual Studio\2019\Community\MSBuild\Microsoft\VC\v160\Microsoft.CppCommon.targets(149,5): error MSB3073: "D:\Program Files\CMake\bin\cmake.exe" -E copy C:/Users/calmgaming/Downloads/vst-sdk_3.7.1_build-50_2020-11-17/VST_SDK/VST3_SDK/vst3_doc/artwork/VST_Logo_Steinberg.ico D:/VST/VST3/Debug/pitchnames.vst3/PlugIn.ico
D:\Program Files (x86)\Microsoft Visual Studio\2019\Community\MSBuild\Microsoft\VC\v160\Microsoft.CppCommon.targets(149,5): error MSB3073: if %errorlevel% neq 0 goto :cmEnd
D:\Program Files (x86)\Microsoft Visual Studio\2019\Community\MSBuild\Microsoft\VC\v160\Microsoft.CppCommon.targets(149,5): error MSB3073: "D:\Program Files\CMake\bin\cmake.exe" -E copy C:/Users/calmgaming/Downloads/vst-sdk_3.7.1_build-50_2020-11-17/VST_SDK/VST3_SDK/cmake/modules/../templates/desktop.ini.in D:/VST/VST3/Debug/pitchnames.vst3/desktop.ini
D:\Program Files (x86)\Microsoft Visual Studio\2019\Community\MSBuild\Microsoft\VC\v160\Microsoft.CppCommon.targets(149,5): error MSB3073: if %errorlevel% neq 0 goto :cmEnd
D:\Program Files (x86)\Microsoft Visual Studio\2019\Community\MSBuild\Microsoft\VC\v160\Microsoft.CppCommon.targets(149,5): error MSB3073: attrib +s D:/VST/VST3/Debug/pitchnames.vst3/desktop.ini
D:\Program Files (x86)\Microsoft Visual Studio\2019\Community\MSBuild\Microsoft\VC\v160\Microsoft.CppCommon.targets(149,5): error MSB3073: if %errorlevel% neq 0 goto :cmEnd
D:\Program Files (x86)\Microsoft Visual Studio\2019\Community\MSBuild\Microsoft\VC\v160\Microsoft.CppCommon.targets(149,5): error MSB3073: attrib +s D:/VST/VST3/Debug/pitchnames.vst3/PlugIn.ico
D:\Program Files (x86)\Microsoft Visual Studio\2019\Community\MSBuild\Microsoft\VC\v160\Microsoft.CppCommon.targets(149,5): error MSB3073: if %errorlevel% neq 0 goto :cmEnd
D:\Program Files (x86)\Microsoft Visual Studio\2019\Community\MSBuild\Microsoft\VC\v160\Microsoft.CppCommon.targets(149,5): error MSB3073: attrib +s D:/VST/VST3/Debug/pitchnames.vst3
D:\Program Files (x86)\Microsoft Visual Studio\2019\Community\MSBuild\Microsoft\VC\v160\Microsoft.CppCommon.targets(149,5): error MSB3073: if %errorlevel% neq 0 goto :cmEnd
D:\Program Files (x86)\Microsoft Visual Studio\2019\Community\MSBuild\Microsoft\VC\v160\Microsoft.CppCommon.targets(149,5): error MSB3073: :cmEnd
D:\Program Files (x86)\Microsoft Visual Studio\2019\Community\MSBuild\Microsoft\VC\v160\Microsoft.CppCommon.targets(149,5): error MSB3073: endlocal & call :cmErrorLevel %errorlevel% & goto :cmDone
D:\Program Files (x86)\Microsoft Visual Studio\2019\Community\MSBuild\Microsoft\VC\v160\Microsoft.CppCommon.targets(149,5): error MSB3073: :cmErrorLevel
D:\Program Files (x86)\Microsoft Visual Studio\2019\Community\MSBuild\Microsoft\VC\v160\Microsoft.CppCommon.targets(149,5): error MSB3073: exit /b %1
D:\Program Files (x86)\Microsoft Visual Studio\2019\Community\MSBuild\Microsoft\VC\v160\Microsoft.CppCommon.targets(149,5): error MSB3073: :cmDone
D:\Program Files (x86)\Microsoft Visual Studio\2019\Community\MSBuild\Microsoft\VC\v160\Microsoft.CppCommon.targets(149,5): error MSB3073: if %errorlevel% neq 0 goto :VCEnd
D:\Program Files (x86)\Microsoft Visual Studio\2019\Community\MSBuild\Microsoft\VC\v160\Microsoft.CppCommon.targets(149,5): error MSB3073: setlocal
D:\Program Files (x86)\Microsoft Visual Studio\2019\Community\MSBuild\Microsoft\VC\v160\Microsoft.CppCommon.targets(149,5): error MSB3073: cd D:\VST\bin
D:\Program Files (x86)\Microsoft Visual Studio\2019\Community\MSBuild\Microsoft\VC\v160\Microsoft.CppCommon.targets(149,5): error MSB3073: if %errorlevel% neq 0 goto :cmEnd
D:\Program Files (x86)\Microsoft Visual Studio\2019\Community\MSBuild\Microsoft\VC\v160\Microsoft.CppCommon.targets(149,5): error MSB3073: D:
D:\Program Files (x86)\Microsoft Visual Studio\2019\Community\MSBuild\Microsoft\VC\v160\Microsoft.CppCommon.targets(149,5): error MSB3073: if %errorlevel% neq 0 goto :cmEnd
D:\Program Files (x86)\Microsoft Visual Studio\2019\Community\MSBuild\Microsoft\VC\v160\Microsoft.CppCommon.targets(149,5): error MSB3073: D:\VST\bin\Debug\validator.exe D:/VST/VST3/Debug/pitchnames.vst3/Contents/x86_64-win/pitchnames.vst3
D:\Program Files (x86)\Microsoft Visual Studio\2019\Community\MSBuild\Microsoft\VC\v160\Microsoft.CppCommon.targets(149,5): error MSB3073: if %errorlevel% neq 0 goto :cmEnd
D:\Program Files (x86)\Microsoft Visual Studio\2019\Community\MSBuild\Microsoft\VC\v160\Microsoft.CppCommon.targets(149,5): error MSB3073: :cmEnd
D:\Program Files (x86)\Microsoft Visual Studio\2019\Community\MSBuild\Microsoft\VC\v160\Microsoft.CppCommon.targets(149,5): error MSB3073: endlocal & call :cmErrorLevel %errorlevel% & goto :cmDone
D:\Program Files (x86)\Microsoft Visual Studio\2019\Community\MSBuild\Microsoft\VC\v160\Microsoft.CppCommon.targets(149,5): error MSB3073: :cmErrorLevel
D:\Program Files (x86)\Microsoft Visual Studio\2019\Community\MSBuild\Microsoft\VC\v160\Microsoft.CppCommon.targets(149,5): error MSB3073: exit /b %1
D:\Program Files (x86)\Microsoft Visual Studio\2019\Community\MSBuild\Microsoft\VC\v160\Microsoft.CppCommon.targets(149,5): error MSB3073: :cmDone
D:\Program Files (x86)\Microsoft Visual Studio\2019\Community\MSBuild\Microsoft\VC\v160\Microsoft.CppCommon.targets(149,5): error MSB3073: if %errorlevel% neq 0 goto :VCEnd
D:\Program Files (x86)\Microsoft Visual Studio\2019\Community\MSBuild\Microsoft\VC\v160\Microsoft.CppCommon.targets(149,5): error MSB3073: setlocal
D:\Program Files (x86)\Microsoft Visual Studio\2019\Community\MSBuild\Microsoft\VC\v160\Microsoft.CppCommon.targets(149,5): error MSB3073: del "C:\Program Files\Common Files\VST3\pitchnames.vst3"
D:\Program Files (x86)\Microsoft Visual Studio\2019\Community\MSBuild\Microsoft\VC\v160\Microsoft.CppCommon.targets(149,5): error MSB3073: if %errorlevel% neq 0 goto :cmEnd
D:\Program Files (x86)\Microsoft Visual Studio\2019\Community\MSBuild\Microsoft\VC\v160\Microsoft.CppCommon.targets(149,5): error MSB3073: mklink "C:\Program Files\Common Files\VST3\pitchnames.vst3" D:\VST\VST3\Debug\pitchnames.vst3 
D:\Program Files (x86)\Microsoft Visual Studio\2019\Community\MSBuild\Microsoft\VC\v160\Microsoft.CppCommon.targets(149,5): error MSB3073: if %errorlevel% neq 0 goto :cmEnd
D:\Program Files (x86)\Microsoft Visual Studio\2019\Community\MSBuild\Microsoft\VC\v160\Microsoft.CppCommon.targets(149,5): error MSB3073: :cmEnd
D:\Program Files (x86)\Microsoft Visual Studio\2019\Community\MSBuild\Microsoft\VC\v160\Microsoft.CppCommon.targets(149,5): error MSB3073: endlocal & call :cmErrorLevel %errorlevel% & goto :cmDone
D:\Program Files (x86)\Microsoft Visual Studio\2019\Community\MSBuild\Microsoft\VC\v160\Microsoft.CppCommon.targets(149,5): error MSB3073: :cmErrorLevel
D:\Program Files (x86)\Microsoft Visual Studio\2019\Community\MSBuild\Microsoft\VC\v160\Microsoft.CppCommon.targets(149,5): error MSB3073: exit /b %1
D:\Program Files (x86)\Microsoft Visual Studio\2019\Community\MSBuild\Microsoft\VC\v160\Microsoft.CppCommon.targets(149,5): error MSB3073: :cmDone
D:\Program Files (x86)\Microsoft Visual Studio\2019\Community\MSBuild\Microsoft\VC\v160\Microsoft.CppCommon.targets(149,5): error MSB3073: if %errorlevel% neq 0 goto :VCEnd
D:\Program Files (x86)\Microsoft Visual Studio\2019\Community\MSBuild\Microsoft\VC\v160\Microsoft.CppCommon.targets(149,5): error MSB3073: setlocal
D:\Program Files (x86)\Microsoft Visual Studio\2019\Community\MSBuild\Microsoft\VC\v160\Microsoft.CppCommon.targets(149,5): error MSB3073: "D:\Program Files\CMake\bin\cmake.exe" -E copy C:/Users/calmgaming/Downloads/vst-sdk_3.7.1_build-50_2020-11-17/VST_SDK/VST3_SDK/public.sdk/samples/vst/pitchnames/resource/pitchnames.uidesc D:/VST/VST3/Debug/pitchnames.vst3/Contents/Resources
D:\Program Files (x86)\Microsoft Visual Studio\2019\Community\MSBuild\Microsoft\VC\v160\Microsoft.CppCommon.targets(149,5): error MSB3073: if %errorlevel% neq 0 goto :cmEnd
D:\Program Files (x86)\Microsoft Visual Studio\2019\Community\MSBuild\Microsoft\VC\v160\Microsoft.CppCommon.targets(149,5): error MSB3073: :cmEnd
D:\Program Files (x86)\Microsoft Visual Studio\2019\Community\MSBuild\Microsoft\VC\v160\Microsoft.CppCommon.targets(149,5): error MSB3073: endlocal & call :cmErrorLevel %errorlevel% & goto :cmDone
D:\Program Files (x86)\Microsoft Visual Studio\2019\Community\MSBuild\Microsoft\VC\v160\Microsoft.CppCommon.targets(149,5): error MSB3073: :cmErrorLevel
D:\Program Files (x86)\Microsoft Visual Studio\2019\Community\MSBuild\Microsoft\VC\v160\Microsoft.CppCommon.targets(149,5): error MSB3073: exit /b %1
D:\Program Files (x86)\Microsoft Visual Studio\2019\Community\MSBuild\Microsoft\VC\v160\Microsoft.CppCommon.targets(149,5): error MSB3073: :cmDone
D:\Program Files (x86)\Microsoft Visual Studio\2019\Community\MSBuild\Microsoft\VC\v160\Microsoft.CppCommon.targets(149,5): error MSB3073: if %errorlevel% neq 0 goto :VCEnd
D:\Program Files (x86)\Microsoft Visual Studio\2019\Community\MSBuild\Microsoft\VC\v160\Microsoft.CppCommon.targets(149,5): error MSB3073: :VCEnd" はコード 1 で終了しました。
