  Checking Build System
  CMake does not need to re-run because D:/VST/CMakeFiles/generate.stamp is up-to-date.
  CMake does not need to re-run because D:/VST/VSTGUI.build/CMakeFiles/generate.stamp is up-to-date.
  CMake does not need to re-run because D:/VST/VSTGUI.build/lib/CMakeFiles/generate.stamp is up-to-date.
  CMake does not need to re-run because D:/VST/VSTGUI.build/uidescription/CMakeFiles/generate.stamp is up-to-date.
  CMake does not need to re-run because D:/VST/pluginterfaces/CMakeFiles/generate.stamp is up-to-date.
  CMake does not need to re-run because D:/VST/base/CMakeFiles/generate.stamp is up-to-date.
  CMake does not need to re-run because D:/VST/public.sdk/CMakeFiles/generate.stamp is up-to-date.
  CMake does not need to re-run because D:/VST/public.sdk/source/vst/interappaudio/CMakeFiles/generate.stamp is up-to-date.
  CMake does not need to re-run because D:/VST/public.sdk/samples/vst-hosting/CMakeFiles/generate.stamp is up-to-date.
  CMake does not need to re-run because D:/VST/public.sdk/samples/vst-hosting/audiohost/CMakeFiles/generate.stamp is up-to-date.
  CMake does not need to re-run because D:/VST/public.sdk/samples/vst-hosting/editorhost/CMakeFiles/generate.stamp is up-to-date.
  CMake does not need to re-run because D:/VST/public.sdk/samples/vst-hosting/validator/CMakeFiles/generate.stamp is up-to-date.
  CMake does not need to re-run because C:/Users/calmgaming/Downloads/vst-sdk_3.7.1_build-50_2020-11-17/VST_SDK/my_plugins/build/CMakeFiles/generate.stamp is up-to-date.
  CMake does not need to re-run because C:/Users/calmgaming/Downloads/vst-sdk_3.7.1_build-50_2020-11-17/VST_SDK/my_plugins/build/helloworld/CMakeFiles/generate.stamp is up-to-date.
  CMake does not need to re-run because C:/Users/calmgaming/Downloads/vst-sdk_3.7.1_build-50_2020-11-17/VST_SDK/my_plugins/build/helloworld_with_VSTGUI/CMakeFiles/generate.stamp is up-to-date.
  CMake does not need to re-run because D:/VST/public.sdk/samples/vst/CMakeFiles/generate.stamp is up-to-date.
  CMake does not need to re-run because D:/VST/public.sdk/samples/vst/InterAppAudio/CMakeFiles/generate.stamp is up-to-date.
  CMake does not need to re-run because D:/VST/public.sdk/samples/vst/adelay/CMakeFiles/generate.stamp is up-to-date.
  CMake does not need to re-run because D:/VST/public.sdk/samples/vst/again/CMakeFiles/generate.stamp is up-to-date.
  CMake does not need to re-run because D:/VST/public.sdk/samples/vst/again_aax/CMakeFiles/generate.stamp is up-to-date.
  CMake does not need to re-run because D:/VST/public.sdk/samples/vst/again_auv3/CMakeFiles/generate.stamp is up-to-date.
  CMake does not need to re-run because D:/VST/public.sdk/samples/vst/channelcontext/CMakeFiles/generate.stamp is up-to-date.
  CMake does not need to re-run because D:/VST/public.sdk/samples/vst/hostchecker/CMakeFiles/generate.stamp is up-to-date.
  CMake does not need to re-run because D:/VST/public.sdk/samples/vst/hostchecker_aax/CMakeFiles/generate.stamp is up-to-date.
  CMake does not need to re-run because D:/VST/public.sdk/samples/vst/legacymidiccout/CMakeFiles/generate.stamp is up-to-date.
  CMake does not need to re-run because D:/VST/public.sdk/samples/vst/mda-vst3/CMakeFiles/generate.stamp is up-to-date.
  CMake does not need to re-run because D:/VST/public.sdk/samples/vst/note_expression_synth/CMakeFiles/generate.stamp is up-to-date.
  CMake does not need to re-run because D:/VST/public.sdk/samples/vst/note_expression_synth_auv3/CMakeFiles/generate.stamp is up-to-date.
  CMake does not need to re-run because D:/VST/public.sdk/samples/vst/note_expression_text/CMakeFiles/generate.stamp is up-to-date.
  CMake does not need to re-run because D:/VST/public.sdk/samples/vst/panner/CMakeFiles/generate.stamp is up-to-date.
  CMake does not need to re-run because D:/VST/public.sdk/samples/vst/pitchnames/CMakeFiles/generate.stamp is up-to-date.
  CMake does not need to re-run because D:/VST/public.sdk/samples/vst/prefetchablesupport/CMakeFiles/generate.stamp is up-to-date.
  CMake does not need to re-run because D:/VST/public.sdk/samples/vst/programchange/CMakeFiles/generate.stamp is up-to-date.
  CMake does not need to re-run because D:/VST/public.sdk/samples/vst/syncdelay/CMakeFiles/generate.stamp is up-to-date.
  CMake does not need to re-run because D:/VST/public.sdk/source/vst/auwrapper/again/CMakeFiles/generate.stamp is up-to-date.
  CMake does not need to re-run because D:/VST/public.sdk/source/vst/auv3wrapper/CMakeFiles/generate.stamp is up-to-date.
